<?xml version="1.0" encoding="UTF-8"?>
<!-- Generated by org.testng.reporters.JUnitXMLReporter -->
<testsuite ignored="6" hostname="DESKTOP-DFF1MMD" failures="0" tests="5" name="Test" time="0.126" errors="0" timestamp="2023-08-18T08:58:12 IST">
  <testcase classname="GroupExecution.Test1" name="demo2" time="0.015"/>
  <testcase classname="GroupExecution.Test1" name="demo3" time="0.002"/>
  <testcase classname="GroupExecution.Test2" name="demo2" time="0.01"/>
  <testcase classname="GroupExecution.Test3" name="demo2" time="0.003"/>
  <testcase classname="GroupExecution.Test3" name="demo3" time="0.003"/>
  <testcase classname="GroupExecution.Test4" name="demo2" time="0.0">
    <ignored/>
  </testcase> <!-- demo2 -->
  <testcase classname="GroupExecution.Test1" name="demo1" time="0.0">
    <ignored/>
  </testcase> <!-- demo1 -->
  <testcase classname="GroupExecution.Test2" name="demo3" time="0.0">
    <ignored/>
  </testcase> <!-- demo3 -->
  <testcase classname="GroupExecution.Test3" name="demo1" time="0.0">
    <ignored/>
  </testcase> <!-- demo1 -->
  <testcase classname="GroupExecution.Test2" name="demo1" time="0.0">
    <ignored/>
  </testcase> <!-- demo1 -->
  <testcase classname="GroupExecution.Test4" name="demo3" time="0.0">
    <ignored/>
  </testcase> <!-- demo3 -->
</testsuite> <!-- Test -->
