<?xml version="1.0" encoding="UTF-8"?>
<testng-results ignored="0" total="1" passed="1" failed="0" skipped="0">
  <reporter-output>
  </reporter-output>
  <suite started-at="2023-08-25T10:21:11 IST" name="Default suite" finished-at="2023-08-25T10:21:35 IST" duration-ms="24651">
    <groups>
    </groups>
    <test started-at="2023-08-25T10:21:11 IST" name="Default test" finished-at="2023-08-25T10:21:35 IST" duration-ms="24651">
      <class name="VtigerFinalScripts.CreateLeadTest">
        <test-method is-config="true" signature="classSetup()[pri:0, instance:VtigerFinalScripts.CreateLeadTest@2767e23c]" started-at="2023-08-25T10:21:11 IST" name="classSetup" finished-at="2023-08-25T10:21:13 IST" duration-ms="2650" status="PASS">
          <reporter-output>
          </reporter-output>
        </test-method> <!-- classSetup -->
        <test-method is-config="true" signature="methodSetup()[pri:0, instance:VtigerFinalScripts.CreateLeadTest@2767e23c]" started-at="2023-08-25T10:21:13 IST" name="methodSetup" finished-at="2023-08-25T10:21:20 IST" duration-ms="6877" status="PASS">
          <reporter-output>
          </reporter-output>
        </test-method> <!-- methodSetup -->
        <test-method signature="createLeadTest()[pri:0, instance:VtigerFinalScripts.CreateLeadTest@2767e23c]" started-at="2023-08-25T10:21:20 IST" name="createLeadTest" finished-at="2023-08-25T10:21:34 IST" duration-ms="14371" status="PASS">
          <reporter-output>
          </reporter-output>
        </test-method> <!-- createLeadTest -->
        <test-method is-config="true" signature="methodTearDown()[pri:0, instance:VtigerFinalScripts.CreateLeadTest@2767e23c]" started-at="2023-08-25T10:21:35 IST" name="methodTearDown" finished-at="2023-08-25T10:21:35 IST" duration-ms="170" status="PASS">
          <reporter-output>
          </reporter-output>
        </test-method> <!-- methodTearDown -->
        <test-method is-config="true" signature="classYearDown()[pri:0, instance:VtigerFinalScripts.CreateLeadTest@2767e23c]" started-at="2023-08-25T10:21:35 IST" name="classYearDown" finished-at="2023-08-25T10:21:35 IST" duration-ms="520" status="PASS">
          <reporter-output>
          </reporter-output>
        </test-method> <!-- classYearDown -->
      </class> <!-- VtigerFinalScripts.CreateLeadTest -->
    </test> <!-- Default test -->
  </suite> <!-- Default suite -->
</testng-results>
